Arguments: 
  C:\Program Files\nodejs\node.exe C:\Users\avalb\AppData\Roaming\npm\node_modules\yarn\bin\yarn.js version

PATH: 
  C:\Users\avalb\bin;C:\Program Files\Git\mingw64\bin;C:\Program Files\Git\usr\local\bin;C:\Program Files\Git\usr\bin;C:\Program Files\Git\usr\bin;C:\Program Files\Git\mingw64\bin;C:\Program Files\Git\usr\bin;C:\Users\avalb\bin;C:\Program Files (x86)\Intel\iCLS Client;C:\ProgramData\Oracle\Java\javapath;C:\Program Files\Intel\iCLS Client;C:\Windows\system32;C:\Windows;C:\Windows\System32\Wbem;C:\Windows\System32\WindowsPowerShell\v1.0;C:\Program Files (x86)\NVIDIA Corporation\PhysX\Common;C:\Program Files\nodejs;C:\Program Files\Sublime Text 3;C:\Program Files (x86)\Google\Chrome\Application;C:\Program Files\MongoDB\Server\3.6\bin;C:\WINDOWS\system32;C:\WINDOWS;C:\WINDOWS\System32\Wbem;C:\WINDOWS\System32\WindowsPowerShell\v1.0;C:\Program Files (x86)\Intel\Intel(R) Management Engine Components\DAL;C:\Program Files\Intel\Intel(R) Management Engine Components\DAL;C:\Program Files (x86)\Intel\Intel(R) Management Engine Components\IPT;C:\Program Files\Intel\Intel(R) Management Engine Components\IPT;C:\WINDOWS\System32\OpenSSH;C:\Program Files\Microsoft VS Code\bin;C:\Users\avalb\AppData\Local\Microsoft\WindowsApps;C:\Program Files\Heroku\bin;C:\Users\avalb\AppData\Roaming\npm;C:\Program Files\Microsoft VS Code\bin;C:\Program Files\Git\usr\bin\vendor_perl;C:\Program Files\Git\usr\bin\core_perl

Yarn version: 
  1.3.2

Node version: 
  6.11.2

Platform: 
  win32 x64

npm manifest: 
  {
    "name": "Basic-Portfolio",
    "version": "1.0.0",
    "description": "First Homework Assignment",
    "main": "index.js",
    "scripts": {
      "test": "echo \"Error: no test specified\" && exit 1"
    },
    "repository": {
      "type": "git",
      "url": "git+https://github.com/Ambiguous26/Basic-Portfolio.git"
    },
    "keywords": [],
    "author": "",
    "license": "ISC",
    "bugs": {
      "url": "https://github.com/Ambiguous26/Basic-Portfolio/issues"
    },
    "homepage": "https://github.com/Ambiguous26/Basic-Portfolio#readme",
    "dependencies": {
      "yarn": "^1.6.0"
    }
  }

yarn manifest: 
  No manifest

Lockfile: 
  No lockfile

Trace: 
  Error: canceled
      at Interface.<anonymous> (C:\Users\avalb\AppData\Roaming\npm\node_modules\yarn\lib\cli.js:121045:13)
      at emitNone (events.js:86:13)
      at Interface.emit (events.js:185:7)
      at Interface._ttyWrite (readline.js:726:16)
      at ReadStream.onkeypress (readline.js:120:10)
      at emitTwo (events.js:106:13)
      at ReadStream.emit (events.js:191:7)
      at emitKeys (internal/readline.js:389:14)
      at next (native)
      at ReadStream.onData (readline.js:972:36)
